execve("./part1", ["./part1"], 0x7ffea4318b10 /* 24 vars */) = 0
brk(NULL)                               = 0x562a59181000
mmap(NULL, 8192, PROT_READ|PROT_WRITE, MAP_PRIVATE|MAP_ANONYMOUS, -1, 0) = 0x7fe035abb000
access("/etc/ld.so.preload", R_OK)      = -1 ENOENT (No such file or directory)
openat(AT_FDCWD, "/etc/ld.so.cache", O_RDONLY|O_CLOEXEC) = 3
fstat(3, {st_mode=S_IFREG|0644, st_size=57075, ...}) = 0
mmap(NULL, 57075, PROT_READ, MAP_PRIVATE, 3, 0) = 0x7fe035aad000
close(3)                                = 0
openat(AT_FDCWD, "/lib/x86_64-linux-gnu/libc.so.6", O_RDONLY|O_CLOEXEC) = 3
read(3, "\177ELF\2\1\1\3\0\0\0\0\0\0\0\0\3\0>\0\1\0\0\0\220\243\2\0\0\0\0\0"..., 832) = 832
pread64(3, "\6\0\0\0\4\0\0\0@\0\0\0\0\0\0\0@\0\0\0\0\0\0\0@\0\0\0\0\0\0\0"..., 784, 64) = 784
fstat(3, {st_mode=S_IFREG|0755, st_size=2125328, ...}) = 0
pread64(3, "\6\0\0\0\4\0\0\0@\0\0\0\0\0\0\0@\0\0\0\0\0\0\0@\0\0\0\0\0\0\0"..., 784, 64) = 784
mmap(NULL, 2170256, PROT_READ, MAP_PRIVATE|MAP_DENYWRITE, 3, 0) = 0x7fe03589b000
mmap(0x7fe0358c3000, 1605632, PROT_READ|PROT_EXEC, MAP_PRIVATE|MAP_FIXED|MAP_DENYWRITE, 3, 0x28000) = 0x7fe0358c3000
mmap(0x7fe035a4b000, 323584, PROT_READ, MAP_PRIVATE|MAP_FIXED|MAP_DENYWRITE, 3, 0x1b0000) = 0x7fe035a4b000
mmap(0x7fe035a9a000, 24576, PROT_READ|PROT_WRITE, MAP_PRIVATE|MAP_FIXED|MAP_DENYWRITE, 3, 0x1fe000) = 0x7fe035a9a000
mmap(0x7fe035aa0000, 52624, PROT_READ|PROT_WRITE, MAP_PRIVATE|MAP_FIXED|MAP_ANONYMOUS, -1, 0) = 0x7fe035aa0000
close(3)                                = 0
mmap(NULL, 12288, PROT_READ|PROT_WRITE, MAP_PRIVATE|MAP_ANONYMOUS, -1, 0) = 0x7fe035898000
arch_prctl(ARCH_SET_FS, 0x7fe035898740) = 0
set_tid_address(0x7fe035898a10)         = 12198
set_robust_list(0x7fe035898a20, 24)     = 0
rseq(0x7fe035899060, 0x20, 0, 0x53053053) = 0
mprotect(0x7fe035a9a000, 16384, PROT_READ) = 0
mprotect(0x562a5770d000, 4096, PROT_READ) = 0
mprotect(0x7fe035afb000, 8192, PROT_READ) = 0
prlimit64(0, RLIMIT_STACK, NULL, {rlim_cur=8192*1024, rlim_max=RLIM64_INFINITY}) = 0
munmap(0x7fe035aad000, 57075)           = 0
getpid()                                = 12198
getppid()                               = 12195
clock_nanosleep(CLOCK_REALTIME, 0, {tv_sec=1, tv_nsec=0}, 0x7ffd41030160) = 0
write(1, "Hello\n", 6)                  = 6
read(0, "\n", 1)                        = 1
exit_group(0)                           = ?
+++ exited with 0 +++
